<?xml version="1.0" encoding="UTF-8"?>
<!-- Generated by org.testng.reporters.JUnitReportReporter -->
<testsuite skipped="0" hostname="winseltest" name="jenkinseltest.TestRep" tests="1" failures="0" timestamp="07 Jun 2019 11:12:17 GMT" time="74.576" errors="0">
  <testcase name="disp" time="74.576" classname="jenkinseltest.TestRep"/>
</testsuite> <!-- jenkinseltest.TestRep -->
