<?xml version="1.0" encoding="UTF-8"?>
<!-- Generated by org.testng.reporters.JUnitReportReporter -->
<testsuite skipped="0" hostname="winseltest" name="jenkinseltest.TestRep" tests="1" failures="0" timestamp="07 Jun 2019 09:24:35 GMT" time="13.238" errors="0">
  <testcase name="disp" time="13.238" classname="jenkinseltest.TestRep"/>
</testsuite> <!-- jenkinseltest.TestRep -->
